[2025-07-22T09:13:40.894+0000] {taskinstance.py:1159} INFO - Dependencies all met for dep_context=non-requeueable deps ti=<TaskInstance: simple_success_dag.process_data manual__2025-07-22T09:13:09.456715+00:00 [queued]>
[2025-07-22T09:13:40.900+0000] {taskinstance.py:1159} INFO - Dependencies all met for dep_context=requeueable deps ti=<TaskInstance: simple_success_dag.process_data manual__2025-07-22T09:13:09.456715+00:00 [queued]>
[2025-07-22T09:13:40.900+0000] {taskinstance.py:1361} INFO - Starting attempt 1 of 2
[2025-07-22T09:13:40.914+0000] {taskinstance.py:1382} INFO - Executing <Task(PythonOperator): process_data> on 2025-07-22 09:13:09.456715+00:00
[2025-07-22T09:13:40.918+0000] {standard_task_runner.py:57} INFO - Started process 194 to run task
[2025-07-22T09:13:40.921+0000] {standard_task_runner.py:84} INFO - Running: ['***', 'tasks', 'run', 'simple_success_dag', 'process_data', 'manual__2025-07-22T09:13:09.456715+00:00', '--job-id', '42', '--raw', '--subdir', 'DAGS_FOLDER/simple_success_dag.py', '--cfg-path', '/tmp/tmp_stmjf0q']
[2025-07-22T09:13:40.924+0000] {standard_task_runner.py:85} INFO - Job 42: Subtask process_data
[2025-07-22T09:13:40.972+0000] {task_command.py:416} INFO - Running <TaskInstance: simple_success_dag.process_data manual__2025-07-22T09:13:09.456715+00:00 [running]> on host 2cf9a9b2cf2c
[2025-07-22T09:13:41.077+0000] {taskinstance.py:1662} INFO - Exporting env vars: AIRFLOW_CTX_DAG_OWNER='metadata_test' AIRFLOW_CTX_DAG_ID='simple_success_dag' AIRFLOW_CTX_TASK_ID='process_data' AIRFLOW_CTX_EXECUTION_DATE='2025-07-22T09:13:09.456715+00:00' AIRFLOW_CTX_TRY_NUMBER='1' AIRFLOW_CTX_DAG_RUN_ID='manual__2025-07-22T09:13:09.456715+00:00'
[2025-07-22T09:13:41.079+0000] {task_logging_plugin.py:37} INFO - [Task Metadata] (running): 
{'event': 'TASK_RUNNING', 'timestamp': '2025-07-22T09:13:41.078874', 'dag_id': 'simple_success_dag', 'dag_run_id': 'manual__2025-07-22T09:13:09.456715+00:00', 'task_id': 'process_data', 'execution_date': '2025-07-22 09:13:09.456715+00:00', 'try_number': 1, 'start_date': '2025-07-22 09:13:40.895017+00:00', 'end_date': 'None', 'state': 'running', 'queue': 'default', 'operator': 'PythonOperator', 'hostname': '2cf9a9b2cf2c', 'log_url': 'http://localhost:8080/dags/simple_success_dag/grid?dag_run_id=manual__2025-07-22T09%3A13%3A09.456715%2B00%3A00&task_id=process_data&tab=logs'}
[2025-07-22T09:13:41.079+0000] {task_logging_plugin.py:41} INFO - [Task Metadata]-logs**** (running): 
{'event': 'TASK_RUNNING', 'timestamp': '2025-07-22T09:13:41.078874', 'dag_id': 'simple_success_dag', 'dag_run_id': 'manual__2025-07-22T09:13:09.456715+00:00', 'task_id': 'process_data', 'execution_date': '2025-07-22 09:13:09.456715+00:00', 'try_number': 1, 'start_date': '2025-07-22 09:13:40.895017+00:00', 'end_date': 'None', 'state': 'running', 'queue': 'default', 'operator': 'PythonOperator', 'hostname': '2cf9a9b2cf2c', 'log_url': 'http://localhost:8080/dags/simple_success_dag/grid?dag_run_id=manual__2025-07-22T09%3A13%3A09.456715%2B00%3A00&task_id=process_data&tab=logs'}
[2025-07-22T09:13:41.089+0000] {task_graph_plugin.py:38} INFO - 
[task_graph_logs] Task Graph for DAG 'simple_success_dag':
  Task: start_task, Upstream: [], Downstream: ['process_data'], Operator: SerializedBaseOperator
  Task: process_data, Upstream: ['start_task'], Downstream: ['end_task'], Operator: SerializedBaseOperator
  Task: end_task, Upstream: ['process_data'], Downstream: [], Operator: SerializedBaseOperator

[2025-07-22T09:13:41.090+0000] {task_graph_plugin.py:42} INFO - 
[task_graph_logs] Task Graph for DAG 'simple_success_dag':
  Task: start_task, Upstream: [], Downstream: ['process_data'], Operator: SerializedBaseOperator
  Task: process_data, Upstream: ['start_task'], Downstream: ['end_task'], Operator: SerializedBaseOperator
  Task: end_task, Upstream: ['process_data'], Downstream: [], Operator: SerializedBaseOperator

[2025-07-22T09:13:41.090+0000] {logging_mixin.py:154} INFO - Processing some sample data...
[2025-07-22T09:14:26.136+0000] {logging_mixin.py:154} INFO - Data processing completed
[2025-07-22T09:14:26.137+0000] {python.py:194} INFO - Done. Returned value was: None
[2025-07-22T09:14:26.152+0000] {taskinstance.py:1400} INFO - Marking task as SUCCESS. dag_id=simple_success_dag, task_id=process_data, execution_date=20250722T091309, start_date=20250722T091340, end_date=20250722T091426
[2025-07-22T09:14:26.169+0000] {task_logging_plugin.py:37} INFO - [Task Metadata] (success): 
{'event': 'TASK_SUCCESS', 'timestamp': '2025-07-22T09:14:26.169721', 'dag_id': 'simple_success_dag', 'dag_run_id': 'manual__2025-07-22T09:13:09.456715+00:00', 'task_id': 'process_data', 'execution_date': '2025-07-22 09:13:09.456715+00:00', 'try_number': 2, 'start_date': '2025-07-22 09:13:40.895017+00:00', 'end_date': '2025-07-22 09:14:26.152738+00:00', 'state': <TaskInstanceState.SUCCESS: 'success'>, 'queue': 'default', 'operator': 'PythonOperator', 'hostname': '2cf9a9b2cf2c', 'log_url': 'http://localhost:8080/dags/simple_success_dag/grid?dag_run_id=manual__2025-07-22T09%3A13%3A09.456715%2B00%3A00&task_id=process_data&tab=logs'}
[2025-07-22T09:14:26.170+0000] {task_logging_plugin.py:41} INFO - [Task Metadata]-logs**** (success): 
{'event': 'TASK_SUCCESS', 'timestamp': '2025-07-22T09:14:26.169721', 'dag_id': 'simple_success_dag', 'dag_run_id': 'manual__2025-07-22T09:13:09.456715+00:00', 'task_id': 'process_data', 'execution_date': '2025-07-22 09:13:09.456715+00:00', 'try_number': 2, 'start_date': '2025-07-22 09:13:40.895017+00:00', 'end_date': '2025-07-22 09:14:26.152738+00:00', 'state': <TaskInstanceState.SUCCESS: 'success'>, 'queue': 'default', 'operator': 'PythonOperator', 'hostname': '2cf9a9b2cf2c', 'log_url': 'http://localhost:8080/dags/simple_success_dag/grid?dag_run_id=manual__2025-07-22T09%3A13%3A09.456715%2B00%3A00&task_id=process_data&tab=logs'}
[2025-07-22T09:14:26.208+0000] {local_task_job_runner.py:228} INFO - Task exited with return code 0
[2025-07-22T09:14:26.235+0000] {taskinstance.py:2778} INFO - 1 downstream tasks scheduled from follow-on schedule check
