[2025-07-22T09:43:43.266+0000] {taskinstance.py:1159} INFO - Dependencies all met for dep_context=non-requeueable deps ti=<TaskInstance: simple_success_dag.start_task manual__2025-07-22T09:38:07.985980+00:00 [queued]>
[2025-07-22T09:43:43.274+0000] {taskinstance.py:1159} INFO - Dependencies all met for dep_context=requeueable deps ti=<TaskInstance: simple_success_dag.start_task manual__2025-07-22T09:38:07.985980+00:00 [queued]>
[2025-07-22T09:43:43.274+0000] {taskinstance.py:1361} INFO - Starting attempt 1 of 2
[2025-07-22T09:43:43.290+0000] {taskinstance.py:1382} INFO - Executing <Task(PythonOperator): start_task> on 2025-07-22 09:38:07.985980+00:00
[2025-07-22T09:43:43.298+0000] {standard_task_runner.py:57} INFO - Started process 184 to run task
[2025-07-22T09:43:43.302+0000] {standard_task_runner.py:84} INFO - Running: ['***', 'tasks', 'run', 'simple_success_dag', 'start_task', 'manual__2025-07-22T09:38:07.985980+00:00', '--job-id', '6', '--raw', '--subdir', 'DAGS_FOLDER/simple_success_dag.py', '--cfg-path', '/tmp/tmp50d6icu5']
[2025-07-22T09:43:43.304+0000] {standard_task_runner.py:85} INFO - Job 6: Subtask start_task
[2025-07-22T09:43:43.356+0000] {task_command.py:416} INFO - Running <TaskInstance: simple_success_dag.start_task manual__2025-07-22T09:38:07.985980+00:00 [running]> on host 8c124e459361
[2025-07-22T09:43:43.448+0000] {taskinstance.py:1662} INFO - Exporting env vars: AIRFLOW_CTX_DAG_OWNER='metadata_test' AIRFLOW_CTX_DAG_ID='simple_success_dag' AIRFLOW_CTX_TASK_ID='start_task' AIRFLOW_CTX_EXECUTION_DATE='2025-07-22T09:38:07.985980+00:00' AIRFLOW_CTX_TRY_NUMBER='1' AIRFLOW_CTX_DAG_RUN_ID='manual__2025-07-22T09:38:07.985980+00:00'
[2025-07-22T09:43:43.449+0000] {task_logging_plugin.py:37} INFO - [Task Metadata] (running): 
{'event': 'TASK_RUNNING', 'timestamp': '2025-07-22T09:43:43.449738', 'dag_id': 'simple_success_dag', 'dag_run_id': 'manual__2025-07-22T09:38:07.985980+00:00', 'task_id': 'start_task', 'execution_date': '2025-07-22 09:38:07.985980+00:00', 'try_number': 1, 'start_date': '2025-07-22 09:43:43.266412+00:00', 'end_date': 'None', 'state': 'running', 'queue': 'default', 'operator': 'PythonOperator', 'hostname': '8c124e459361', 'log_url': 'http://localhost:8080/dags/simple_success_dag/grid?dag_run_id=manual__2025-07-22T09%3A38%3A07.985980%2B00%3A00&task_id=start_task&tab=logs'}
[2025-07-22T09:43:43.450+0000] {task_logging_plugin.py:41} INFO - [Task Metadata]-logs**** (running): 
{'event': 'TASK_RUNNING', 'timestamp': '2025-07-22T09:43:43.449738', 'dag_id': 'simple_success_dag', 'dag_run_id': 'manual__2025-07-22T09:38:07.985980+00:00', 'task_id': 'start_task', 'execution_date': '2025-07-22 09:38:07.985980+00:00', 'try_number': 1, 'start_date': '2025-07-22 09:43:43.266412+00:00', 'end_date': 'None', 'state': 'running', 'queue': 'default', 'operator': 'PythonOperator', 'hostname': '8c124e459361', 'log_url': 'http://localhost:8080/dags/simple_success_dag/grid?dag_run_id=manual__2025-07-22T09%3A38%3A07.985980%2B00%3A00&task_id=start_task&tab=logs'}
[2025-07-22T09:43:43.464+0000] {task_graph_plugin.py:36} INFO - T[task_grap_logs] --> ask Graph Structure for DAG 'simple_success_dag':

[2025-07-22T09:43:43.464+0000] {task_graph_plugin.py:38} INFO -   Task: start_task, Upstream: [], Downstream: ['process_data'], Operator: SerializedBaseOperator
[2025-07-22T09:43:43.464+0000] {task_graph_plugin.py:38} INFO -   Task: process_data, Upstream: ['start_task'], Downstream: ['end_task'], Operator: SerializedBaseOperator
[2025-07-22T09:43:43.465+0000] {task_graph_plugin.py:38} INFO -   Task: end_task, Upstream: ['process_data'], Downstream: [], Operator: SerializedBaseOperator
[2025-07-22T09:43:43.465+0000] {logging_mixin.py:154} INFO - DAG starting - this should always work
[2025-07-22T09:43:43.466+0000] {logging_mixin.py:154} INFO - Current time: 2025-07-22 09:43:43.466022
[2025-07-22T09:44:13.477+0000] {logging_mixin.py:154} INFO - Start task completed successfully
[2025-07-22T09:44:13.477+0000] {python.py:194} INFO - Done. Returned value was: None
[2025-07-22T09:44:13.496+0000] {taskinstance.py:1400} INFO - Marking task as SUCCESS. dag_id=simple_success_dag, task_id=start_task, execution_date=20250722T093807, start_date=20250722T094343, end_date=20250722T094413
[2025-07-22T09:44:13.509+0000] {task_logging_plugin.py:37} INFO - [Task Metadata] (success): 
{'event': 'TASK_SUCCESS', 'timestamp': '2025-07-22T09:44:13.509641', 'dag_id': 'simple_success_dag', 'dag_run_id': 'manual__2025-07-22T09:38:07.985980+00:00', 'task_id': 'start_task', 'execution_date': '2025-07-22 09:38:07.985980+00:00', 'try_number': 2, 'start_date': '2025-07-22 09:43:43.266412+00:00', 'end_date': '2025-07-22 09:44:13.496801+00:00', 'state': <TaskInstanceState.SUCCESS: 'success'>, 'queue': 'default', 'operator': 'PythonOperator', 'hostname': '8c124e459361', 'log_url': 'http://localhost:8080/dags/simple_success_dag/grid?dag_run_id=manual__2025-07-22T09%3A38%3A07.985980%2B00%3A00&task_id=start_task&tab=logs'}
[2025-07-22T09:44:13.509+0000] {task_logging_plugin.py:41} INFO - [Task Metadata]-logs**** (success): 
{'event': 'TASK_SUCCESS', 'timestamp': '2025-07-22T09:44:13.509641', 'dag_id': 'simple_success_dag', 'dag_run_id': 'manual__2025-07-22T09:38:07.985980+00:00', 'task_id': 'start_task', 'execution_date': '2025-07-22 09:38:07.985980+00:00', 'try_number': 2, 'start_date': '2025-07-22 09:43:43.266412+00:00', 'end_date': '2025-07-22 09:44:13.496801+00:00', 'state': <TaskInstanceState.SUCCESS: 'success'>, 'queue': 'default', 'operator': 'PythonOperator', 'hostname': '8c124e459361', 'log_url': 'http://localhost:8080/dags/simple_success_dag/grid?dag_run_id=manual__2025-07-22T09%3A38%3A07.985980%2B00%3A00&task_id=start_task&tab=logs'}
[2025-07-22T09:44:13.550+0000] {local_task_job_runner.py:228} INFO - Task exited with return code 0
[2025-07-22T09:44:13.571+0000] {taskinstance.py:2778} INFO - 1 downstream tasks scheduled from follow-on schedule check
