[2025-07-21T16:39:19.863+0000] {taskinstance.py:1159} INFO - Dependencies all met for dep_context=non-requeueable deps ti=<TaskInstance: simple_success_dag.start_task manual__2025-07-21T16:39:18.761606+00:00 [queued]>
[2025-07-21T16:39:19.869+0000] {taskinstance.py:1159} INFO - Dependencies all met for dep_context=requeueable deps ti=<TaskInstance: simple_success_dag.start_task manual__2025-07-21T16:39:18.761606+00:00 [queued]>
[2025-07-21T16:39:19.869+0000] {taskinstance.py:1361} INFO - Starting attempt 1 of 2
[2025-07-21T16:39:19.876+0000] {taskinstance.py:1382} INFO - Executing <Task(PythonOperator): start_task> on 2025-07-21 16:39:18.761606+00:00
[2025-07-21T16:39:19.880+0000] {standard_task_runner.py:57} INFO - Started process 192 to run task
[2025-07-21T16:39:19.882+0000] {standard_task_runner.py:84} INFO - Running: ['***', 'tasks', 'run', 'simple_success_dag', 'start_task', 'manual__2025-07-21T16:39:18.761606+00:00', '--job-id', '9', '--raw', '--subdir', 'DAGS_FOLDER/simple_success_dag.py', '--cfg-path', '/tmp/tmpdd5bupgt']
[2025-07-21T16:39:19.884+0000] {standard_task_runner.py:85} INFO - Job 9: Subtask start_task
[2025-07-21T16:39:19.917+0000] {task_command.py:416} INFO - Running <TaskInstance: simple_success_dag.start_task manual__2025-07-21T16:39:18.761606+00:00 [running]> on host 2cf9a9b2cf2c
[2025-07-21T16:39:19.972+0000] {taskinstance.py:1662} INFO - Exporting env vars: AIRFLOW_CTX_DAG_OWNER='metadata_test' AIRFLOW_CTX_DAG_ID='simple_success_dag' AIRFLOW_CTX_TASK_ID='start_task' AIRFLOW_CTX_EXECUTION_DATE='2025-07-21T16:39:18.761606+00:00' AIRFLOW_CTX_TRY_NUMBER='1' AIRFLOW_CTX_DAG_RUN_ID='manual__2025-07-21T16:39:18.761606+00:00'
[2025-07-21T16:39:19.972+0000] {task_logging_plugin.py:29} INFO - Task Metadata (running): {'event': 'TASK_RUNNING', 'timestamp': '2025-07-21T16:39:19.972755', 'dag_id': 'simple_success_dag', 'dag_run_id': 'manual__2025-07-21T16:39:18.761606+00:00', 'task_id': 'start_task', 'execution_date': '2025-07-21 16:39:18.761606+00:00', 'try_number': 1, 'start_date': '2025-07-21 16:39:19.864108+00:00', 'end_date': 'None', 'state': 'running', 'queue': 'default', 'operator': 'PythonOperator', 'hostname': '2cf9a9b2cf2c'}
[2025-07-21T16:39:19.973+0000] {task_logging_plugin.py:33} INFO - Task Metadata (running): {'event': 'TASK_RUNNING', 'timestamp': '2025-07-21T16:39:19.972755', 'dag_id': 'simple_success_dag', 'dag_run_id': 'manual__2025-07-21T16:39:18.761606+00:00', 'task_id': 'start_task', 'execution_date': '2025-07-21 16:39:18.761606+00:00', 'try_number': 1, 'start_date': '2025-07-21 16:39:19.864108+00:00', 'end_date': 'None', 'state': 'running', 'queue': 'default', 'operator': 'PythonOperator', 'hostname': '2cf9a9b2cf2c'}
[2025-07-21T16:39:19.973+0000] {logging_mixin.py:154} INFO - DAG starting - this should always work
[2025-07-21T16:39:19.973+0000] {logging_mixin.py:154} INFO - Current time: 2025-07-21 16:39:19.973577
[2025-07-21T16:39:50.003+0000] {logging_mixin.py:154} INFO - Start task completed successfully
[2025-07-21T16:39:50.004+0000] {python.py:194} INFO - Done. Returned value was: None
[2025-07-21T16:39:50.020+0000] {taskinstance.py:1400} INFO - Marking task as SUCCESS. dag_id=simple_success_dag, task_id=start_task, execution_date=20250721T163918, start_date=20250721T163919, end_date=20250721T163950
[2025-07-21T16:39:50.032+0000] {task_logging_plugin.py:29} INFO - Task Metadata (success): {'event': 'TASK_SUCCESS', 'timestamp': '2025-07-21T16:39:50.032895', 'dag_id': 'simple_success_dag', 'dag_run_id': 'manual__2025-07-21T16:39:18.761606+00:00', 'task_id': 'start_task', 'execution_date': '2025-07-21 16:39:18.761606+00:00', 'try_number': 2, 'start_date': '2025-07-21 16:39:19.864108+00:00', 'end_date': '2025-07-21 16:39:50.020113+00:00', 'state': <TaskInstanceState.SUCCESS: 'success'>, 'queue': 'default', 'operator': 'PythonOperator', 'hostname': '2cf9a9b2cf2c'}
[2025-07-21T16:39:50.033+0000] {task_logging_plugin.py:33} INFO - Task Metadata (success): {'event': 'TASK_SUCCESS', 'timestamp': '2025-07-21T16:39:50.032895', 'dag_id': 'simple_success_dag', 'dag_run_id': 'manual__2025-07-21T16:39:18.761606+00:00', 'task_id': 'start_task', 'execution_date': '2025-07-21 16:39:18.761606+00:00', 'try_number': 2, 'start_date': '2025-07-21 16:39:19.864108+00:00', 'end_date': '2025-07-21 16:39:50.020113+00:00', 'state': <TaskInstanceState.SUCCESS: 'success'>, 'queue': 'default', 'operator': 'PythonOperator', 'hostname': '2cf9a9b2cf2c'}
[2025-07-21T16:39:50.060+0000] {local_task_job_runner.py:228} INFO - Task exited with return code 0
[2025-07-21T16:39:50.078+0000] {taskinstance.py:2778} INFO - 0 downstream tasks scheduled from follow-on schedule check
