[2025-07-22T09:14:26.694+0000] {taskinstance.py:1159} INFO - Dependencies all met for dep_context=non-requeueable deps ti=<TaskInstance: simple_success_dag.end_task manual__2025-07-22T09:13:09.456715+00:00 [queued]>
[2025-07-22T09:14:26.707+0000] {taskinstance.py:1159} INFO - Dependencies all met for dep_context=requeueable deps ti=<TaskInstance: simple_success_dag.end_task manual__2025-07-22T09:13:09.456715+00:00 [queued]>
[2025-07-22T09:14:26.707+0000] {taskinstance.py:1361} INFO - Starting attempt 1 of 2
[2025-07-22T09:14:26.718+0000] {taskinstance.py:1382} INFO - Executing <Task(PythonOperator): end_task> on 2025-07-22 09:13:09.456715+00:00
[2025-07-22T09:14:26.721+0000] {standard_task_runner.py:57} INFO - Started process 216 to run task
[2025-07-22T09:14:26.724+0000] {standard_task_runner.py:84} INFO - Running: ['***', 'tasks', 'run', 'simple_success_dag', 'end_task', 'manual__2025-07-22T09:13:09.456715+00:00', '--job-id', '43', '--raw', '--subdir', 'DAGS_FOLDER/simple_success_dag.py', '--cfg-path', '/tmp/tmp4_vw9yf1']
[2025-07-22T09:14:26.726+0000] {standard_task_runner.py:85} INFO - Job 43: Subtask end_task
[2025-07-22T09:14:26.764+0000] {task_command.py:416} INFO - Running <TaskInstance: simple_success_dag.end_task manual__2025-07-22T09:13:09.456715+00:00 [running]> on host 2cf9a9b2cf2c
[2025-07-22T09:14:26.837+0000] {taskinstance.py:1662} INFO - Exporting env vars: AIRFLOW_CTX_DAG_OWNER='metadata_test' AIRFLOW_CTX_DAG_ID='simple_success_dag' AIRFLOW_CTX_TASK_ID='end_task' AIRFLOW_CTX_EXECUTION_DATE='2025-07-22T09:13:09.456715+00:00' AIRFLOW_CTX_TRY_NUMBER='1' AIRFLOW_CTX_DAG_RUN_ID='manual__2025-07-22T09:13:09.456715+00:00'
[2025-07-22T09:14:26.838+0000] {task_logging_plugin.py:37} INFO - [Task Metadata] (running): 
{'event': 'TASK_RUNNING', 'timestamp': '2025-07-22T09:14:26.838583', 'dag_id': 'simple_success_dag', 'dag_run_id': 'manual__2025-07-22T09:13:09.456715+00:00', 'task_id': 'end_task', 'execution_date': '2025-07-22 09:13:09.456715+00:00', 'try_number': 1, 'start_date': '2025-07-22 09:14:26.695062+00:00', 'end_date': 'None', 'state': 'running', 'queue': 'default', 'operator': 'PythonOperator', 'hostname': '2cf9a9b2cf2c', 'log_url': 'http://localhost:8080/dags/simple_success_dag/grid?dag_run_id=manual__2025-07-22T09%3A13%3A09.456715%2B00%3A00&task_id=end_task&tab=logs'}
[2025-07-22T09:14:26.839+0000] {task_logging_plugin.py:41} INFO - [Task Metadata]-logs**** (running): 
{'event': 'TASK_RUNNING', 'timestamp': '2025-07-22T09:14:26.838583', 'dag_id': 'simple_success_dag', 'dag_run_id': 'manual__2025-07-22T09:13:09.456715+00:00', 'task_id': 'end_task', 'execution_date': '2025-07-22 09:13:09.456715+00:00', 'try_number': 1, 'start_date': '2025-07-22 09:14:26.695062+00:00', 'end_date': 'None', 'state': 'running', 'queue': 'default', 'operator': 'PythonOperator', 'hostname': '2cf9a9b2cf2c', 'log_url': 'http://localhost:8080/dags/simple_success_dag/grid?dag_run_id=manual__2025-07-22T09%3A13%3A09.456715%2B00%3A00&task_id=end_task&tab=logs'}
[2025-07-22T09:14:26.853+0000] {task_graph_plugin.py:38} INFO - 
[task_graph_logs] Task Graph for DAG 'simple_success_dag':
  Task: start_task, Upstream: [], Downstream: ['process_data'], Operator: SerializedBaseOperator
  Task: process_data, Upstream: ['start_task'], Downstream: ['end_task'], Operator: SerializedBaseOperator
  Task: end_task, Upstream: ['process_data'], Downstream: [], Operator: SerializedBaseOperator

[2025-07-22T09:14:26.853+0000] {task_graph_plugin.py:42} INFO - 
[task_graph_logs] Task Graph for DAG 'simple_success_dag':
  Task: start_task, Upstream: [], Downstream: ['process_data'], Operator: SerializedBaseOperator
  Task: process_data, Upstream: ['start_task'], Downstream: ['end_task'], Operator: SerializedBaseOperator
  Task: end_task, Upstream: ['process_data'], Downstream: [], Operator: SerializedBaseOperator

[2025-07-22T09:14:26.853+0000] {logging_mixin.py:154} INFO - DAG ending - wrapping up
[2025-07-22T09:14:41.861+0000] {logging_mixin.py:154} INFO - End task completed successfully
[2025-07-22T09:14:41.862+0000] {python.py:194} INFO - Done. Returned value was: None
[2025-07-22T09:14:41.881+0000] {taskinstance.py:1400} INFO - Marking task as SUCCESS. dag_id=simple_success_dag, task_id=end_task, execution_date=20250722T091309, start_date=20250722T091426, end_date=20250722T091441
[2025-07-22T09:14:41.899+0000] {task_logging_plugin.py:37} INFO - [Task Metadata] (success): 
{'event': 'TASK_SUCCESS', 'timestamp': '2025-07-22T09:14:41.899516', 'dag_id': 'simple_success_dag', 'dag_run_id': 'manual__2025-07-22T09:13:09.456715+00:00', 'task_id': 'end_task', 'execution_date': '2025-07-22 09:13:09.456715+00:00', 'try_number': 2, 'start_date': '2025-07-22 09:14:26.695062+00:00', 'end_date': '2025-07-22 09:14:41.881540+00:00', 'state': <TaskInstanceState.SUCCESS: 'success'>, 'queue': 'default', 'operator': 'PythonOperator', 'hostname': '2cf9a9b2cf2c', 'log_url': 'http://localhost:8080/dags/simple_success_dag/grid?dag_run_id=manual__2025-07-22T09%3A13%3A09.456715%2B00%3A00&task_id=end_task&tab=logs'}
[2025-07-22T09:14:41.900+0000] {task_logging_plugin.py:41} INFO - [Task Metadata]-logs**** (success): 
{'event': 'TASK_SUCCESS', 'timestamp': '2025-07-22T09:14:41.899516', 'dag_id': 'simple_success_dag', 'dag_run_id': 'manual__2025-07-22T09:13:09.456715+00:00', 'task_id': 'end_task', 'execution_date': '2025-07-22 09:13:09.456715+00:00', 'try_number': 2, 'start_date': '2025-07-22 09:14:26.695062+00:00', 'end_date': '2025-07-22 09:14:41.881540+00:00', 'state': <TaskInstanceState.SUCCESS: 'success'>, 'queue': 'default', 'operator': 'PythonOperator', 'hostname': '2cf9a9b2cf2c', 'log_url': 'http://localhost:8080/dags/simple_success_dag/grid?dag_run_id=manual__2025-07-22T09%3A13%3A09.456715%2B00%3A00&task_id=end_task&tab=logs'}
[2025-07-22T09:14:41.928+0000] {local_task_job_runner.py:228} INFO - Task exited with return code 0
[2025-07-22T09:14:41.954+0000] {taskinstance.py:2778} INFO - 0 downstream tasks scheduled from follow-on schedule check
