[2025-07-21T17:06:03.710+0000] {taskinstance.py:1159} INFO - Dependencies all met for dep_context=non-requeueable deps ti=<TaskInstance: simple_success_dag.process_data manual__2025-07-21T17:05:32.381892+00:00 [queued]>
[2025-07-21T17:06:03.715+0000] {taskinstance.py:1159} INFO - Dependencies all met for dep_context=requeueable deps ti=<TaskInstance: simple_success_dag.process_data manual__2025-07-21T17:05:32.381892+00:00 [queued]>
[2025-07-21T17:06:03.715+0000] {taskinstance.py:1361} INFO - Starting attempt 1 of 2
[2025-07-21T17:06:03.724+0000] {taskinstance.py:1382} INFO - Executing <Task(PythonOperator): process_data> on 2025-07-21 17:05:32.381892+00:00
[2025-07-21T17:06:03.728+0000] {standard_task_runner.py:57} INFO - Started process 194 to run task
[2025-07-21T17:06:03.730+0000] {standard_task_runner.py:84} INFO - Running: ['***', 'tasks', 'run', 'simple_success_dag', 'process_data', 'manual__2025-07-21T17:05:32.381892+00:00', '--job-id', '28', '--raw', '--subdir', 'DAGS_FOLDER/simple_success_dag.py', '--cfg-path', '/tmp/tmpm2y042g0']
[2025-07-21T17:06:03.731+0000] {standard_task_runner.py:85} INFO - Job 28: Subtask process_data
[2025-07-21T17:06:03.769+0000] {task_command.py:416} INFO - Running <TaskInstance: simple_success_dag.process_data manual__2025-07-21T17:05:32.381892+00:00 [running]> on host 2cf9a9b2cf2c
[2025-07-21T17:06:03.820+0000] {taskinstance.py:1662} INFO - Exporting env vars: AIRFLOW_CTX_DAG_OWNER='metadata_test' AIRFLOW_CTX_DAG_ID='simple_success_dag' AIRFLOW_CTX_TASK_ID='process_data' AIRFLOW_CTX_EXECUTION_DATE='2025-07-21T17:05:32.381892+00:00' AIRFLOW_CTX_TRY_NUMBER='1' AIRFLOW_CTX_DAG_RUN_ID='manual__2025-07-21T17:05:32.381892+00:00'
[2025-07-21T17:06:03.820+0000] {task_logging_plugin.py:37} INFO - [Task Metadata] (running): 
{'event': 'TASK_RUNNING', 'timestamp': '2025-07-21T17:06:03.820621', 'dag_id': 'simple_success_dag', 'dag_run_id': 'manual__2025-07-21T17:05:32.381892+00:00', 'task_id': 'process_data', 'execution_date': '2025-07-21 17:05:32.381892+00:00', 'try_number': 1, 'start_date': '2025-07-21 17:06:03.710697+00:00', 'end_date': 'None', 'state': 'running', 'queue': 'default', 'operator': 'PythonOperator', 'hostname': '2cf9a9b2cf2c', 'log_url': 'http://localhost:8080/dags/simple_success_dag/grid?dag_run_id=manual__2025-07-21T17%3A05%3A32.381892%2B00%3A00&task_id=process_data&tab=logs'}
[2025-07-21T17:06:03.820+0000] {task_logging_plugin.py:41} INFO - [Task Metadata]-logs**** (running): 
{'event': 'TASK_RUNNING', 'timestamp': '2025-07-21T17:06:03.820621', 'dag_id': 'simple_success_dag', 'dag_run_id': 'manual__2025-07-21T17:05:32.381892+00:00', 'task_id': 'process_data', 'execution_date': '2025-07-21 17:05:32.381892+00:00', 'try_number': 1, 'start_date': '2025-07-21 17:06:03.710697+00:00', 'end_date': 'None', 'state': 'running', 'queue': 'default', 'operator': 'PythonOperator', 'hostname': '2cf9a9b2cf2c', 'log_url': 'http://localhost:8080/dags/simple_success_dag/grid?dag_run_id=manual__2025-07-21T17%3A05%3A32.381892%2B00%3A00&task_id=process_data&tab=logs'}
[2025-07-21T17:06:03.820+0000] {logging_mixin.py:154} INFO - Processing some sample data...
[2025-07-21T17:06:48.865+0000] {logging_mixin.py:154} INFO - Data processing completed
[2025-07-21T17:06:48.866+0000] {python.py:194} INFO - Done. Returned value was: None
[2025-07-21T17:06:48.884+0000] {taskinstance.py:1400} INFO - Marking task as SUCCESS. dag_id=simple_success_dag, task_id=process_data, execution_date=20250721T170532, start_date=20250721T170603, end_date=20250721T170648
[2025-07-21T17:06:48.898+0000] {task_logging_plugin.py:37} INFO - [Task Metadata] (success): 
{'event': 'TASK_SUCCESS', 'timestamp': '2025-07-21T17:06:48.898551', 'dag_id': 'simple_success_dag', 'dag_run_id': 'manual__2025-07-21T17:05:32.381892+00:00', 'task_id': 'process_data', 'execution_date': '2025-07-21 17:05:32.381892+00:00', 'try_number': 2, 'start_date': '2025-07-21 17:06:03.710697+00:00', 'end_date': '2025-07-21 17:06:48.884381+00:00', 'state': <TaskInstanceState.SUCCESS: 'success'>, 'queue': 'default', 'operator': 'PythonOperator', 'hostname': '2cf9a9b2cf2c', 'log_url': 'http://localhost:8080/dags/simple_success_dag/grid?dag_run_id=manual__2025-07-21T17%3A05%3A32.381892%2B00%3A00&task_id=process_data&tab=logs'}
[2025-07-21T17:06:48.899+0000] {task_logging_plugin.py:41} INFO - [Task Metadata]-logs**** (success): 
{'event': 'TASK_SUCCESS', 'timestamp': '2025-07-21T17:06:48.898551', 'dag_id': 'simple_success_dag', 'dag_run_id': 'manual__2025-07-21T17:05:32.381892+00:00', 'task_id': 'process_data', 'execution_date': '2025-07-21 17:05:32.381892+00:00', 'try_number': 2, 'start_date': '2025-07-21 17:06:03.710697+00:00', 'end_date': '2025-07-21 17:06:48.884381+00:00', 'state': <TaskInstanceState.SUCCESS: 'success'>, 'queue': 'default', 'operator': 'PythonOperator', 'hostname': '2cf9a9b2cf2c', 'log_url': 'http://localhost:8080/dags/simple_success_dag/grid?dag_run_id=manual__2025-07-21T17%3A05%3A32.381892%2B00%3A00&task_id=process_data&tab=logs'}
[2025-07-21T17:06:48.940+0000] {local_task_job_runner.py:228} INFO - Task exited with return code 0
[2025-07-21T17:06:48.972+0000] {taskinstance.py:2778} INFO - 1 downstream tasks scheduled from follow-on schedule check
